<?xml version="1.0" encoding="UTF-8"?>
<!-- Generated by org.testng.reporters.JUnitReportReporter -->
<testsuite hostname="Devil-World-1999JAN" failures="0" tests="1" name="testCase_FB.keyWord_Test" time="13.828" errors="0" timestamp="2022-12-16T12:26:53 IST" skipped="0">
  <testcase classname="testCase_FB.keyWord_Test" name="startExecutions_Test" time="13.828"/>
  <system-out/>
</testsuite> <!-- testCase_FB.keyWord_Test -->
